{"/Users/sujeet/workspace/gh/template-react-csr/src/main.tsx": {"path":"/Users/sujeet/workspace/gh/template-react-csr/src/main.tsx","all":true,"statementMap":{"0":{"start":{"line":1,"column":0},"end":{"line":1,"column":25}},"1":{"start":{"line":2,"column":0},"end":{"line":2,"column":39}},"3":{"start":{"line":4,"column":0},"end":{"line":4,"column":21}},"4":{"start":{"line":5,"column":0},"end":{"line":5,"column":43}},"6":{"start":{"line":7,"column":0},"end":{"line":7,"column":61}},"7":{"start":{"line":8,"column":0},"end":{"line":8,"column":20}},"8":{"start":{"line":9,"column":0},"end":{"line":9,"column":17}}},"s":{"0":0,"1":0,"3":0,"4":0,"6":0,"7":0,"8":0},"branchMap":{"0":{"type":"branch","line":1,"loc":{"start":{"line":1,"column":0},"end":{"line":11,"column":-193}},"locations":[{"start":{"line":1,"column":0},"end":{"line":11,"column":-193}}]}},"b":{"0":[0]},"fnMap":{"0":{"name":"(empty-report)","decl":{"start":{"line":1,"column":0},"end":{"line":11,"column":-193}},"loc":{"start":{"line":1,"column":0},"end":{"line":11,"column":-193}},"line":1}},"f":{"0":0}}
,"/Users/sujeet/workspace/gh/template-react-csr/src/hooks/use-debounce-callback.ts": {"path":"/Users/sujeet/workspace/gh/template-react-csr/src/hooks/use-debounce-callback.ts","all":false,"statementMap":{"0":{"start":{"line":1,"column":0},"end":{"line":1,"column":55}},"1":{"start":{"line":2,"column":0},"end":{"line":2,"column":43}},"3":{"start":{"line":4,"column":0},"end":{"line":4,"column":70}},"4":{"start":{"line":5,"column":0},"end":{"line":5,"column":14}},"5":{"start":{"line":6,"column":0},"end":{"line":6,"column":16}},"7":{"start":{"line":8,"column":0},"end":{"line":8,"column":56}},"9":{"start":{"line":10,"column":0},"end":{"line":10,"column":40}},"10":{"start":{"line":11,"column":0},"end":{"line":11,"column":33}},"11":{"start":{"line":12,"column":0},"end":{"line":12,"column":40}},"12":{"start":{"line":13,"column":0},"end":{"line":13,"column":40}},"13":{"start":{"line":14,"column":0},"end":{"line":14,"column":7}},"14":{"start":{"line":15,"column":0},"end":{"line":15,"column":45}},"15":{"start":{"line":16,"column":0},"end":{"line":16,"column":25}},"16":{"start":{"line":17,"column":0},"end":{"line":17,"column":15}},"17":{"start":{"line":18,"column":0},"end":{"line":18,"column":6}},"18":{"start":{"line":19,"column":0},"end":{"line":19,"column":22}},"21":{"start":{"line":22,"column":0},"end":{"line":22,"column":26}},"22":{"start":{"line":23,"column":0},"end":{"line":23,"column":1}}},"s":{"0":1,"1":1,"3":1,"4":3,"5":3,"7":3,"9":3,"10":3,"11":8,"12":5,"13":5,"14":8,"15":3,"16":8,"17":8,"18":3,"21":3,"22":3},"branchMap":{"0":{"type":"branch","line":4,"loc":{"start":{"line":4,"column":7},"end":{"line":23,"column":1}},"locations":[{"start":{"line":4,"column":7},"end":{"line":23,"column":1}}]},"1":{"type":"branch","line":11,"loc":{"start":{"line":11,"column":4},"end":{"line":18,"column":6}},"locations":[{"start":{"line":11,"column":4},"end":{"line":18,"column":6}}]},"2":{"type":"branch","line":12,"loc":{"start":{"line":12,"column":39},"end":{"line":14,"column":7}},"locations":[{"start":{"line":12,"column":39},"end":{"line":14,"column":7}}]},"3":{"type":"branch","line":15,"loc":{"start":{"line":15,"column":38},"end":{"line":17,"column":9}},"locations":[{"start":{"line":15,"column":38},"end":{"line":17,"column":9}}]}},"b":{"0":[3],"1":[8],"2":[5],"3":[3]},"fnMap":{"0":{"name":"useDebounceCallback","decl":{"start":{"line":4,"column":7},"end":{"line":23,"column":1}},"loc":{"start":{"line":4,"column":7},"end":{"line":23,"column":1}},"line":4}},"f":{"0":3}}
,"/Users/sujeet/workspace/gh/template-react-csr/src/hooks/use-debounce.ts": {"path":"/Users/sujeet/workspace/gh/template-react-csr/src/hooks/use-debounce.ts","all":false,"statementMap":{"0":{"start":{"line":1,"column":0},"end":{"line":1,"column":43}},"2":{"start":{"line":3,"column":0},"end":{"line":3,"column":60}},"3":{"start":{"line":4,"column":0},"end":{"line":4,"column":61}},"5":{"start":{"line":6,"column":0},"end":{"line":6,"column":19}},"6":{"start":{"line":7,"column":0},"end":{"line":7,"column":40}},"7":{"start":{"line":8,"column":0},"end":{"line":8,"column":30}},"8":{"start":{"line":9,"column":0},"end":{"line":9,"column":13}},"10":{"start":{"line":11,"column":0},"end":{"line":11,"column":18}},"11":{"start":{"line":12,"column":0},"end":{"line":12,"column":29}},"12":{"start":{"line":13,"column":0},"end":{"line":13,"column":5}},"13":{"start":{"line":14,"column":0},"end":{"line":14,"column":20}},"15":{"start":{"line":16,"column":0},"end":{"line":16,"column":23}},"16":{"start":{"line":17,"column":0},"end":{"line":17,"column":1}}},"s":{"0":1,"2":1,"3":8,"5":8,"6":6,"7":3,"8":6,"10":6,"11":3,"12":3,"13":8,"15":8,"16":8},"branchMap":{"0":{"type":"branch","line":3,"loc":{"start":{"line":3,"column":7},"end":{"line":17,"column":1}},"locations":[{"start":{"line":3,"column":7},"end":{"line":17,"column":1}}]},"1":{"type":"branch","line":6,"loc":{"start":{"line":6,"column":12},"end":{"line":14,"column":5}},"locations":[{"start":{"line":6,"column":12},"end":{"line":14,"column":5}}]},"2":{"type":"branch","line":7,"loc":{"start":{"line":7,"column":33},"end":{"line":9,"column":7}},"locations":[{"start":{"line":7,"column":33},"end":{"line":9,"column":7}}]},"3":{"type":"branch","line":11,"loc":{"start":{"line":11,"column":11},"end":{"line":13,"column":5}},"locations":[{"start":{"line":11,"column":11},"end":{"line":13,"column":5}}]}},"b":{"0":[8],"1":[6],"2":[3],"3":[3]},"fnMap":{"0":{"name":"useDebounce","decl":{"start":{"line":3,"column":7},"end":{"line":17,"column":1}},"loc":{"start":{"line":3,"column":7},"end":{"line":17,"column":1}},"line":3}},"f":{"0":8}}
,"/Users/sujeet/workspace/gh/template-react-csr/src/hooks/use-fetch.hook.ts": {"path":"/Users/sujeet/workspace/gh/template-react-csr/src/hooks/use-fetch.hook.ts","all":true,"statementMap":{"0":{"start":{"line":1,"column":0},"end":{"line":1,"column":43}},"13":{"start":{"line":14,"column":0},"end":{"line":14,"column":28}},"14":{"start":{"line":15,"column":0},"end":{"line":15,"column":21}},"15":{"start":{"line":16,"column":0},"end":{"line":16,"column":25}},"17":{"start":{"line":18,"column":0},"end":{"line":18,"column":50}},"18":{"start":{"line":19,"column":0},"end":{"line":19,"column":55}},"19":{"start":{"line":20,"column":0},"end":{"line":20,"column":56}},"21":{"start":{"line":22,"column":0},"end":{"line":22,"column":19}},"22":{"start":{"line":23,"column":0},"end":{"line":23,"column":37}},"23":{"start":{"line":24,"column":0},"end":{"line":24,"column":49}},"24":{"start":{"line":25,"column":0},"end":{"line":25,"column":41}},"26":{"start":{"line":27,"column":0},"end":{"line":27,"column":50}},"27":{"start":{"line":28,"column":0},"end":{"line":28,"column":11}},"28":{"start":{"line":29,"column":0},"end":{"line":29,"column":15}},"29":{"start":{"line":30,"column":0},"end":{"line":30,"column":32}},"30":{"start":{"line":31,"column":0},"end":{"line":31,"column":33}},"31":{"start":{"line":32,"column":0},"end":{"line":32,"column":25}},"32":{"start":{"line":33,"column":0},"end":{"line":33,"column":25}},"33":{"start":{"line":34,"column":0},"end":{"line":34,"column":24}},"34":{"start":{"line":35,"column":0},"end":{"line":35,"column":37}},"35":{"start":{"line":36,"column":0},"end":{"line":36,"column":24}},"36":{"start":{"line":37,"column":0},"end":{"line":37,"column":9}},"37":{"start":{"line":38,"column":0},"end":{"line":38,"column":36}},"38":{"start":{"line":39,"column":0},"end":{"line":39,"column":23}},"39":{"start":{"line":40,"column":0},"end":{"line":40,"column":9}},"40":{"start":{"line":41,"column":0},"end":{"line":41,"column":70}},"41":{"start":{"line":42,"column":0},"end":{"line":42,"column":27}},"42":{"start":{"line":43,"column":0},"end":{"line":43,"column":49}},"43":{"start":{"line":44,"column":0},"end":{"line":44,"column":9}},"44":{"start":{"line":45,"column":0},"end":{"line":45,"column":53}},"45":{"start":{"line":46,"column":0},"end":{"line":46,"column":30}},"46":{"start":{"line":47,"column":0},"end":{"line":47,"column":31}},"47":{"start":{"line":48,"column":0},"end":{"line":48,"column":9}},"48":{"start":{"line":49,"column":0},"end":{"line":49,"column":32}},"49":{"start":{"line":50,"column":0},"end":{"line":50,"column":30}},"50":{"start":{"line":51,"column":0},"end":{"line":51,"column":34}},"51":{"start":{"line":52,"column":0},"end":{"line":52,"column":9}},"52":{"start":{"line":53,"column":0},"end":{"line":53,"column":17}},"53":{"start":{"line":54,"column":0},"end":{"line":54,"column":30}},"54":{"start":{"line":55,"column":0},"end":{"line":55,"column":27}},"55":{"start":{"line":56,"column":0},"end":{"line":56,"column":9}},"56":{"start":{"line":57,"column":0},"end":{"line":57,"column":7}},"57":{"start":{"line":58,"column":0},"end":{"line":58,"column":5}},"59":{"start":{"line":60,"column":0},"end":{"line":60,"column":15}},"61":{"start":{"line":62,"column":0},"end":{"line":62,"column":18}},"62":{"start":{"line":63,"column":0},"end":{"line":63,"column":29}},"63":{"start":{"line":64,"column":0},"end":{"line":64,"column":5}},"64":{"start":{"line":65,"column":0},"end":{"line":65,"column":20}},"66":{"start":{"line":67,"column":0},"end":{"line":67,"column":33}},"67":{"start":{"line":68,"column":0},"end":{"line":68,"column":1}}},"s":{"0":0,"13":0,"14":0,"15":0,"17":0,"18":0,"19":0,"21":0,"22":0,"23":0,"24":0,"26":0,"27":0,"28":0,"29":0,"30":0,"31":0,"32":0,"33":0,"34":0,"35":0,"36":0,"37":0,"38":0,"39":0,"40":0,"41":0,"42":0,"43":0,"44":0,"45":0,"46":0,"47":0,"48":0,"49":0,"50":0,"51":0,"52":0,"53":0,"54":0,"55":0,"56":0,"57":0,"59":0,"61":0,"62":0,"63":0,"64":0,"66":0,"67":0},"branchMap":{"0":{"type":"branch","line":1,"loc":{"start":{"line":1,"column":0},"end":{"line":68,"column":-45}},"locations":[{"start":{"line":1,"column":0},"end":{"line":68,"column":-45}}]}},"b":{"0":[0]},"fnMap":{"0":{"name":"(empty-report)","decl":{"start":{"line":1,"column":0},"end":{"line":68,"column":-45}},"loc":{"start":{"line":1,"column":0},"end":{"line":68,"column":-45}},"line":1}},"f":{"0":0}}
,"/Users/sujeet/workspace/gh/template-react-csr/src/hooks/use-searchparam.hook.ts": {"path":"/Users/sujeet/workspace/gh/template-react-csr/src/hooks/use-searchparam.hook.ts","all":true,"statementMap":{"0":{"start":{"line":1,"column":0},"end":{"line":1,"column":35}},"1":{"start":{"line":2,"column":0},"end":{"line":2,"column":46}},"3":{"start":{"line":4,"column":0},"end":{"line":4,"column":45}},"4":{"start":{"line":5,"column":0},"end":{"line":5,"column":59}},"5":{"start":{"line":6,"column":0},"end":{"line":6,"column":37}},"6":{"start":{"line":7,"column":0},"end":{"line":7,"column":24}},"7":{"start":{"line":8,"column":0},"end":{"line":8,"column":63}},"8":{"start":{"line":9,"column":0},"end":{"line":9,"column":37}},"9":{"start":{"line":10,"column":0},"end":{"line":10,"column":38}},"10":{"start":{"line":11,"column":0},"end":{"line":11,"column":6}},"11":{"start":{"line":12,"column":0},"end":{"line":12,"column":41}},"13":{"start":{"line":14,"column":0},"end":{"line":14,"column":57}},"14":{"start":{"line":15,"column":0},"end":{"line":15,"column":1}}},"s":{"0":0,"1":0,"3":0,"4":0,"5":0,"6":0,"7":0,"8":0,"9":0,"10":0,"11":0,"13":0,"14":0},"branchMap":{"0":{"type":"branch","line":1,"loc":{"start":{"line":1,"column":0},"end":{"line":15,"column":-157}},"locations":[{"start":{"line":1,"column":0},"end":{"line":15,"column":-157}}]}},"b":{"0":[0]},"fnMap":{"0":{"name":"(empty-report)","decl":{"start":{"line":1,"column":0},"end":{"line":15,"column":-157}},"loc":{"start":{"line":1,"column":0},"end":{"line":15,"column":-157}},"line":1}},"f":{"0":0}}
,"/Users/sujeet/workspace/gh/template-react-csr/src/hooks/use-storage.hook.ts": {"path":"/Users/sujeet/workspace/gh/template-react-csr/src/hooks/use-storage.hook.ts","all":true,"statementMap":{"0":{"start":{"line":1,"column":0},"end":{"line":1,"column":45}},"2":{"start":{"line":3,"column":0},"end":{"line":3,"column":66}},"3":{"start":{"line":4,"column":0},"end":{"line":4,"column":42}},"4":{"start":{"line":5,"column":0},"end":{"line":5,"column":43}},"5":{"start":{"line":6,"column":0},"end":{"line":6,"column":16}},"6":{"start":{"line":7,"column":0},"end":{"line":7,"column":30}},"7":{"start":{"line":8,"column":0},"end":{"line":8,"column":5}},"8":{"start":{"line":9,"column":0},"end":{"line":9,"column":23}},"9":{"start":{"line":10,"column":0},"end":{"line":10,"column":4}},"10":{"start":{"line":11,"column":0},"end":{"line":11,"column":31}},"11":{"start":{"line":12,"column":0},"end":{"line":12,"column":22}},"12":{"start":{"line":13,"column":0},"end":{"line":13,"column":23}},"13":{"start":{"line":14,"column":0},"end":{"line":14,"column":57}},"14":{"start":{"line":15,"column":0},"end":{"line":15,"column":6}},"15":{"start":{"line":16,"column":0},"end":{"line":16,"column":10}},"17":{"start":{"line":18,"column":0},"end":{"line":18,"column":25}},"18":{"start":{"line":19,"column":0},"end":{"line":19,"column":1}}},"s":{"0":0,"2":0,"3":0,"4":0,"5":0,"6":0,"7":0,"8":0,"9":0,"10":0,"11":0,"12":0,"13":0,"14":0,"15":0,"17":0,"18":0},"branchMap":{"0":{"type":"branch","line":1,"loc":{"start":{"line":1,"column":0},"end":{"line":19,"column":-116}},"locations":[{"start":{"line":1,"column":0},"end":{"line":19,"column":-116}}]}},"b":{"0":[0]},"fnMap":{"0":{"name":"(empty-report)","decl":{"start":{"line":1,"column":0},"end":{"line":19,"column":-116}},"loc":{"start":{"line":1,"column":0},"end":{"line":19,"column":-116}},"line":1}},"f":{"0":0}}
,"/Users/sujeet/workspace/gh/template-react-csr/src/hooks/use-throttle-debounce.ts": {"path":"/Users/sujeet/workspace/gh/template-react-csr/src/hooks/use-throttle-debounce.ts","all":true,"statementMap":{"0":{"start":{"line":1,"column":0},"end":{"line":1,"column":51}},"2":{"start":{"line":3,"column":0},"end":{"line":3,"column":66}},"3":{"start":{"line":4,"column":0},"end":{"line":4,"column":61}},"4":{"start":{"line":5,"column":0},"end":{"line":5,"column":49}},"6":{"start":{"line":7,"column":0},"end":{"line":7,"column":19}},"7":{"start":{"line":8,"column":0},"end":{"line":8,"column":26}},"9":{"start":{"line":10,"column":0},"end":{"line":10,"column":71}},"10":{"start":{"line":11,"column":0},"end":{"line":11,"column":31}},"11":{"start":{"line":12,"column":0},"end":{"line":12,"column":30}},"12":{"start":{"line":13,"column":0},"end":{"line":13,"column":12}},"13":{"start":{"line":14,"column":0},"end":{"line":14,"column":42}},"14":{"start":{"line":15,"column":0},"end":{"line":15,"column":33}},"15":{"start":{"line":16,"column":0},"end":{"line":16,"column":32}},"16":{"start":{"line":17,"column":0},"end":{"line":17,"column":18}},"18":{"start":{"line":19,"column":0},"end":{"line":19,"column":42}},"19":{"start":{"line":20,"column":0},"end":{"line":20,"column":5}},"20":{"start":{"line":21,"column":0},"end":{"line":21,"column":23}},"22":{"start":{"line":23,"column":0},"end":{"line":23,"column":23}},"23":{"start":{"line":24,"column":0},"end":{"line":24,"column":1}}},"s":{"0":0,"2":0,"3":0,"4":0,"6":0,"7":0,"9":0,"10":0,"11":0,"12":0,"13":0,"14":0,"15":0,"16":0,"18":0,"19":0,"20":0,"22":0,"23":0},"branchMap":{"0":{"type":"branch","line":1,"loc":{"start":{"line":1,"column":0},"end":{"line":24,"column":-155}},"locations":[{"start":{"line":1,"column":0},"end":{"line":24,"column":-155}}]}},"b":{"0":[0]},"fnMap":{"0":{"name":"(empty-report)","decl":{"start":{"line":1,"column":0},"end":{"line":24,"column":-155}},"loc":{"start":{"line":1,"column":0},"end":{"line":24,"column":-155}},"line":1}},"f":{"0":0}}
,"/Users/sujeet/workspace/gh/template-react-csr/src/hooks/use-throttle.ts": {"path":"/Users/sujeet/workspace/gh/template-react-csr/src/hooks/use-throttle.ts","all":true,"statementMap":{"0":{"start":{"line":1,"column":0},"end":{"line":1,"column":55}},"1":{"start":{"line":2,"column":0},"end":{"line":2,"column":43}},"3":{"start":{"line":4,"column":0},"end":{"line":4,"column":59}},"4":{"start":{"line":5,"column":0},"end":{"line":5,"column":8}},"5":{"start":{"line":6,"column":0},"end":{"line":6,"column":19}},"7":{"start":{"line":8,"column":0},"end":{"line":8,"column":18}},"8":{"start":{"line":9,"column":0},"end":{"line":9,"column":53}},"9":{"start":{"line":10,"column":0},"end":{"line":10,"column":26}},"10":{"start":{"line":11,"column":0},"end":{"line":11,"column":37}},"11":{"start":{"line":12,"column":0},"end":{"line":12,"column":17}},"12":{"start":{"line":13,"column":0},"end":{"line":13,"column":20}},"13":{"start":{"line":14,"column":0},"end":{"line":14,"column":5}},"14":{"start":{"line":15,"column":0},"end":{"line":15,"column":3}},"16":{"start":{"line":17,"column":0},"end":{"line":17,"column":26}},"17":{"start":{"line":18,"column":0},"end":{"line":18,"column":1}},"19":{"start":{"line":20,"column":0},"end":{"line":20,"column":75}},"20":{"start":{"line":21,"column":0},"end":{"line":21,"column":50}},"22":{"start":{"line":23,"column":0},"end":{"line":23,"column":21}},"23":{"start":{"line":24,"column":0},"end":{"line":24,"column":23}},"24":{"start":{"line":25,"column":0},"end":{"line":25,"column":28}},"25":{"start":{"line":26,"column":0},"end":{"line":26,"column":76}},"26":{"start":{"line":27,"column":0},"end":{"line":27,"column":34}},"27":{"start":{"line":28,"column":0},"end":{"line":28,"column":19}},"28":{"start":{"line":29,"column":0},"end":{"line":29,"column":7}},"29":{"start":{"line":30,"column":0},"end":{"line":30,"column":6}},"30":{"start":{"line":31,"column":0},"end":{"line":31,"column":19}},"32":{"start":{"line":33,"column":0},"end":{"line":33,"column":1}}},"s":{"0":0,"1":0,"3":0,"4":0,"5":0,"7":0,"8":0,"9":0,"10":0,"11":0,"12":0,"13":0,"14":0,"16":0,"17":0,"19":0,"20":0,"22":0,"23":0,"24":0,"25":0,"26":0,"27":0,"28":0,"29":0,"30":0,"32":0},"branchMap":{"0":{"type":"branch","line":1,"loc":{"start":{"line":1,"column":56},"end":{"line":33,"column":-147}},"locations":[{"start":{"line":1,"column":56},"end":{"line":33,"column":-147}}]}},"b":{"0":[0]},"fnMap":{"0":{"name":"(empty-report)","decl":{"start":{"line":1,"column":56},"end":{"line":33,"column":-147}},"loc":{"start":{"line":1,"column":56},"end":{"line":33,"column":-147}},"line":1}},"f":{"0":0}}
,"/Users/sujeet/workspace/gh/template-react-csr/src/routes/routes.tsx": {"path":"/Users/sujeet/workspace/gh/template-react-csr/src/routes/routes.tsx","all":true,"statementMap":{"0":{"start":{"line":1,"column":0},"end":{"line":1,"column":59}},"1":{"start":{"line":2,"column":0},"end":{"line":2,"column":41}},"2":{"start":{"line":3,"column":0},"end":{"line":3,"column":38}},"3":{"start":{"line":4,"column":0},"end":{"line":4,"column":29}},"4":{"start":{"line":5,"column":0},"end":{"line":5,"column":57}},"7":{"start":{"line":8,"column":0},"end":{"line":8,"column":36}},"8":{"start":{"line":9,"column":0},"end":{"line":9,"column":10}},"9":{"start":{"line":10,"column":0},"end":{"line":10,"column":19}},"10":{"start":{"line":11,"column":0},"end":{"line":11,"column":14}},"11":{"start":{"line":12,"column":0},"end":{"line":12,"column":63}},"12":{"start":{"line":13,"column":0},"end":{"line":13,"column":44}},"13":{"start":{"line":14,"column":0},"end":{"line":14,"column":61}},"14":{"start":{"line":15,"column":0},"end":{"line":15,"column":61}},"16":{"start":{"line":17,"column":0},"end":{"line":17,"column":51}},"21":{"start":{"line":22,"column":0},"end":{"line":22,"column":1}}},"s":{"0":0,"1":0,"2":0,"3":0,"4":0,"7":0,"8":0,"9":0,"10":0,"11":0,"12":0,"13":0,"14":0,"16":0,"21":0},"branchMap":{"0":{"type":"branch","line":1,"loc":{"start":{"line":1,"column":0},"end":{"line":22,"column":-474}},"locations":[{"start":{"line":1,"column":0},"end":{"line":22,"column":-474}}]}},"b":{"0":[0]},"fnMap":{"0":{"name":"(empty-report)","decl":{"start":{"line":1,"column":0},"end":{"line":22,"column":-474}},"loc":{"start":{"line":1,"column":0},"end":{"line":22,"column":-474}},"line":1}},"f":{"0":0}}
,"/Users/sujeet/workspace/gh/template-react-csr/src/routes/home/home.route.tsx": {"path":"/Users/sujeet/workspace/gh/template-react-csr/src/routes/home/home.route.tsx","all":true,"statementMap":{"0":{"start":{"line":1,"column":0},"end":{"line":1,"column":24}},"1":{"start":{"line":2,"column":0},"end":{"line":2,"column":29}},"2":{"start":{"line":3,"column":0},"end":{"line":3,"column":1}}},"s":{"0":0,"1":0,"2":0},"branchMap":{"0":{"type":"branch","line":1,"loc":{"start":{"line":1,"column":0},"end":{"line":3,"column":-48}},"locations":[{"start":{"line":1,"column":0},"end":{"line":3,"column":-48}}]}},"b":{"0":[0]},"fnMap":{"0":{"name":"(empty-report)","decl":{"start":{"line":1,"column":0},"end":{"line":3,"column":-48}},"loc":{"start":{"line":1,"column":0},"end":{"line":3,"column":-48}},"line":1}},"f":{"0":0}}
,"/Users/sujeet/workspace/gh/template-react-csr/src/routes/home/index.ts": {"path":"/Users/sujeet/workspace/gh/template-react-csr/src/routes/home/index.ts","all":true,"statementMap":{"0":{"start":{"line":1,"column":0},"end":{"line":1,"column":35}}},"s":{"0":0},"branchMap":{"0":{"type":"branch","line":1,"loc":{"start":{"line":1,"column":0},"end":{"line":1,"column":35}},"locations":[{"start":{"line":1,"column":0},"end":{"line":1,"column":35}}]}},"b":{"0":[0]},"fnMap":{"0":{"name":"(empty-report)","decl":{"start":{"line":1,"column":0},"end":{"line":1,"column":35}},"loc":{"start":{"line":1,"column":0},"end":{"line":1,"column":35}},"line":1}},"f":{"0":0}}
,"/Users/sujeet/workspace/gh/template-react-csr/src/routes/not-found/index.ts": {"path":"/Users/sujeet/workspace/gh/template-react-csr/src/routes/not-found/index.ts","all":true,"statementMap":{"0":{"start":{"line":1,"column":0},"end":{"line":1,"column":44}}},"s":{"0":0},"branchMap":{"0":{"type":"branch","line":1,"loc":{"start":{"line":1,"column":0},"end":{"line":1,"column":44}},"locations":[{"start":{"line":1,"column":0},"end":{"line":1,"column":44}}]}},"b":{"0":[0]},"fnMap":{"0":{"name":"(empty-report)","decl":{"start":{"line":1,"column":0},"end":{"line":1,"column":44}},"loc":{"start":{"line":1,"column":0},"end":{"line":1,"column":44}},"line":1}},"f":{"0":0}}
,"/Users/sujeet/workspace/gh/template-react-csr/src/routes/not-found/not-found.route.tsx": {"path":"/Users/sujeet/workspace/gh/template-react-csr/src/routes/not-found/not-found.route.tsx","all":true,"statementMap":{"0":{"start":{"line":1,"column":0},"end":{"line":1,"column":35}},"2":{"start":{"line":3,"column":0},"end":{"line":3,"column":28}},"3":{"start":{"line":4,"column":0},"end":{"line":4,"column":10}},"4":{"start":{"line":5,"column":0},"end":{"line":5,"column":94}},"5":{"start":{"line":6,"column":0},"end":{"line":6,"column":35}},"6":{"start":{"line":7,"column":0},"end":{"line":7,"column":69}},"7":{"start":{"line":8,"column":0},"end":{"line":8,"column":89}},"10":{"start":{"line":11,"column":0},"end":{"line":11,"column":62}},"13":{"start":{"line":14,"column":0},"end":{"line":14,"column":72}},"14":{"start":{"line":15,"column":0},"end":{"line":15,"column":15}},"15":{"start":{"line":16,"column":0},"end":{"line":16,"column":18}},"16":{"start":{"line":17,"column":0},"end":{"line":17,"column":232}},"17":{"start":{"line":18,"column":0},"end":{"line":18,"column":11}},"24":{"start":{"line":25,"column":0},"end":{"line":25,"column":1}}},"s":{"0":0,"2":0,"3":0,"4":0,"5":0,"6":0,"7":0,"10":0,"13":0,"14":0,"15":0,"16":0,"17":0,"24":0},"branchMap":{"0":{"type":"branch","line":1,"loc":{"start":{"line":1,"column":0},"end":{"line":25,"column":-699}},"locations":[{"start":{"line":1,"column":0},"end":{"line":25,"column":-699}}]}},"b":{"0":[0]},"fnMap":{"0":{"name":"(empty-report)","decl":{"start":{"line":1,"column":0},"end":{"line":25,"column":-699}},"loc":{"start":{"line":1,"column":0},"end":{"line":25,"column":-699}},"line":1}},"f":{"0":0}}
,"/Users/sujeet/workspace/gh/template-react-csr/src/routes/product/details.route.tsx": {"path":"/Users/sujeet/workspace/gh/template-react-csr/src/routes/product/details.route.tsx","all":true,"statementMap":{"0":{"start":{"line":1,"column":0},"end":{"line":1,"column":40}},"1":{"start":{"line":2,"column":0},"end":{"line":2,"column":48}},"3":{"start":{"line":4,"column":0},"end":{"line":4,"column":34}},"4":{"start":{"line":5,"column":0},"end":{"line":5,"column":28}},"5":{"start":{"line":6,"column":0},"end":{"line":6,"column":58}},"6":{"start":{"line":7,"column":0},"end":{"line":7,"column":10}},"7":{"start":{"line":8,"column":0},"end":{"line":8,"column":13}},"8":{"start":{"line":9,"column":0},"end":{"line":9,"column":46}},"9":{"start":{"line":10,"column":0},"end":{"line":10,"column":60}},"10":{"start":{"line":11,"column":0},"end":{"line":11,"column":18}},"11":{"start":{"line":12,"column":0},"end":{"line":12,"column":10}},"12":{"start":{"line":13,"column":0},"end":{"line":13,"column":55}},"13":{"start":{"line":14,"column":0},"end":{"line":14,"column":15}},"14":{"start":{"line":15,"column":0},"end":{"line":15,"column":48}},"16":{"start":{"line":17,"column":0},"end":{"line":17,"column":98}},"17":{"start":{"line":18,"column":0},"end":{"line":18,"column":43}},"18":{"start":{"line":19,"column":0},"end":{"line":19,"column":65}},"19":{"start":{"line":20,"column":0},"end":{"line":20,"column":69}},"23":{"start":{"line":24,"column":0},"end":{"line":24,"column":15}},"24":{"start":{"line":25,"column":0},"end":{"line":25,"column":67}},"26":{"start":{"line":27,"column":0},"end":{"line":27,"column":15}},"27":{"start":{"line":28,"column":0},"end":{"line":28,"column":67}},"29":{"start":{"line":30,"column":0},"end":{"line":30,"column":38}},"31":{"start":{"line":32,"column":0},"end":{"line":32,"column":15}},"34":{"start":{"line":35,"column":0},"end":{"line":35,"column":1}}},"s":{"0":0,"1":0,"3":0,"4":0,"5":0,"6":0,"7":0,"8":0,"9":0,"10":0,"11":0,"12":0,"13":0,"14":0,"16":0,"17":0,"18":0,"19":0,"23":0,"24":0,"26":0,"27":0,"29":0,"31":0,"34":0},"branchMap":{"0":{"type":"branch","line":1,"loc":{"start":{"line":1,"column":1137},"end":{"line":35,"column":1}},"locations":[{"start":{"line":1,"column":1137},"end":{"line":35,"column":1}}]}},"b":{"0":[0]},"fnMap":{"0":{"name":"(empty-report)","decl":{"start":{"line":1,"column":1137},"end":{"line":35,"column":1}},"loc":{"start":{"line":1,"column":1137},"end":{"line":35,"column":1}},"line":1}},"f":{"0":0}}
,"/Users/sujeet/workspace/gh/template-react-csr/src/routes/product/index.ts": {"path":"/Users/sujeet/workspace/gh/template-react-csr/src/routes/product/index.ts","all":true,"statementMap":{"0":{"start":{"line":1,"column":0},"end":{"line":1,"column":48}},"1":{"start":{"line":2,"column":0},"end":{"line":2,"column":46}}},"s":{"0":0,"1":0},"branchMap":{"0":{"type":"branch","line":1,"loc":{"start":{"line":1,"column":0},"end":{"line":2,"column":-1}},"locations":[{"start":{"line":1,"column":0},"end":{"line":2,"column":-1}}]}},"b":{"0":[0]},"fnMap":{"0":{"name":"(empty-report)","decl":{"start":{"line":1,"column":0},"end":{"line":2,"column":-1}},"loc":{"start":{"line":1,"column":0},"end":{"line":2,"column":-1}},"line":1}},"f":{"0":0}}
,"/Users/sujeet/workspace/gh/template-react-csr/src/routes/product/product.types.ts": {"path":"/Users/sujeet/workspace/gh/template-react-csr/src/routes/product/product.types.ts","all":true,"statementMap":{},"s":{},"branchMap":{"0":{"type":"branch","line":1,"loc":{"start":{"line":1,"column":325},"end":{"line":20,"column":1}},"locations":[{"start":{"line":1,"column":325},"end":{"line":20,"column":1}}]}},"b":{"0":[1]},"fnMap":{"0":{"name":"(empty-report)","decl":{"start":{"line":1,"column":325},"end":{"line":20,"column":1}},"loc":{"start":{"line":1,"column":325},"end":{"line":20,"column":1}},"line":1}},"f":{"0":1}}
,"/Users/sujeet/workspace/gh/template-react-csr/src/routes/product/search.route.tsx": {"path":"/Users/sujeet/workspace/gh/template-react-csr/src/routes/product/search.route.tsx","all":true,"statementMap":{"0":{"start":{"line":1,"column":0},"end":{"line":1,"column":61}},"1":{"start":{"line":2,"column":0},"end":{"line":2,"column":43}},"2":{"start":{"line":3,"column":0},"end":{"line":3,"column":55}},"3":{"start":{"line":4,"column":0},"end":{"line":4,"column":50}},"5":{"start":{"line":6,"column":0},"end":{"line":6,"column":33}},"6":{"start":{"line":7,"column":0},"end":{"line":7,"column":59}},"7":{"start":{"line":8,"column":0},"end":{"line":8,"column":59}},"8":{"start":{"line":9,"column":0},"end":{"line":9,"column":74}},"9":{"start":{"line":10,"column":0},"end":{"line":10,"column":10}},"10":{"start":{"line":11,"column":0},"end":{"line":11,"column":9}},"11":{"start":{"line":12,"column":0},"end":{"line":12,"column":29}},"12":{"start":{"line":13,"column":0},"end":{"line":13,"column":46}},"13":{"start":{"line":14,"column":0},"end":{"line":14,"column":13}},"14":{"start":{"line":15,"column":0},"end":{"line":15,"column":16}},"15":{"start":{"line":16,"column":0},"end":{"line":16,"column":37}},"16":{"start":{"line":17,"column":0},"end":{"line":17,"column":58}},"17":{"start":{"line":18,"column":0},"end":{"line":18,"column":62}},"18":{"start":{"line":19,"column":0},"end":{"line":19,"column":41}},"19":{"start":{"line":20,"column":0},"end":{"line":20,"column":25}},"21":{"start":{"line":22,"column":0},"end":{"line":22,"column":51}},"22":{"start":{"line":23,"column":0},"end":{"line":23,"column":58}},"23":{"start":{"line":24,"column":0},"end":{"line":24,"column":14}},"24":{"start":{"line":25,"column":0},"end":{"line":25,"column":44}},"25":{"start":{"line":26,"column":0},"end":{"line":26,"column":63}},"26":{"start":{"line":27,"column":0},"end":{"line":27,"column":21}},"27":{"start":{"line":28,"column":0},"end":{"line":28,"column":89}},"28":{"start":{"line":29,"column":0},"end":{"line":29,"column":40}},"30":{"start":{"line":31,"column":0},"end":{"line":31,"column":22}},"31":{"start":{"line":32,"column":0},"end":{"line":32,"column":72}},"32":{"start":{"line":33,"column":0},"end":{"line":33,"column":43}},"34":{"start":{"line":35,"column":0},"end":{"line":35,"column":61}},"35":{"start":{"line":36,"column":0},"end":{"line":36,"column":69}},"36":{"start":{"line":37,"column":0},"end":{"line":37,"column":26}},"37":{"start":{"line":38,"column":0},"end":{"line":38,"column":63}},"45":{"start":{"line":46,"column":0},"end":{"line":46,"column":13}},"46":{"start":{"line":47,"column":0},"end":{"line":47,"column":20}},"51":{"start":{"line":52,"column":0},"end":{"line":52,"column":1}}},"s":{"0":0,"1":0,"2":0,"3":0,"5":0,"6":0,"7":0,"8":0,"9":0,"10":0,"11":0,"12":0,"13":0,"14":0,"15":0,"16":0,"17":0,"18":0,"19":0,"21":0,"22":0,"23":0,"24":0,"25":0,"26":0,"27":0,"28":0,"30":0,"31":0,"32":0,"34":0,"35":0,"36":0,"37":0,"45":0,"46":0,"51":0},"branchMap":{"0":{"type":"branch","line":1,"loc":{"start":{"line":1,"column":0},"end":{"line":52,"column":-1166}},"locations":[{"start":{"line":1,"column":0},"end":{"line":52,"column":-1166}}]}},"b":{"0":[0]},"fnMap":{"0":{"name":"(empty-report)","decl":{"start":{"line":1,"column":0},"end":{"line":52,"column":-1166}},"loc":{"start":{"line":1,"column":0},"end":{"line":52,"column":-1166}},"line":1}},"f":{"0":0}}
,"/Users/sujeet/workspace/gh/template-react-csr/src/routes/product/use-products.hook.ts": {"path":"/Users/sujeet/workspace/gh/template-react-csr/src/routes/product/use-products.hook.ts","all":true,"statementMap":{"0":{"start":{"line":1,"column":0},"end":{"line":1,"column":49}},"3":{"start":{"line":4,"column":0},"end":{"line":4,"column":57}},"4":{"start":{"line":5,"column":0},"end":{"line":5,"column":18}},"9":{"start":{"line":10,"column":0},"end":{"line":10,"column":97}},"11":{"start":{"line":12,"column":0},"end":{"line":12,"column":1}},"13":{"start":{"line":14,"column":0},"end":{"line":14,"column":59}},"14":{"start":{"line":15,"column":0},"end":{"line":15,"column":78}},"15":{"start":{"line":16,"column":0},"end":{"line":16,"column":1}}},"s":{"0":0,"3":0,"4":0,"9":0,"11":0,"13":0,"14":0,"15":0},"branchMap":{"0":{"type":"branch","line":1,"loc":{"start":{"line":1,"column":0},"end":{"line":16,"column":-15}},"locations":[{"start":{"line":1,"column":0},"end":{"line":16,"column":-15}}]}},"b":{"0":[0]},"fnMap":{"0":{"name":"(empty-report)","decl":{"start":{"line":1,"column":0},"end":{"line":16,"column":-15}},"loc":{"start":{"line":1,"column":0},"end":{"line":16,"column":-15}},"line":1}},"f":{"0":0}}
,"/Users/sujeet/workspace/gh/template-react-csr/src/routes/root/footer.component.tsx": {"path":"/Users/sujeet/workspace/gh/template-react-csr/src/routes/root/footer.component.tsx","all":true,"statementMap":{"0":{"start":{"line":1,"column":0},"end":{"line":1,"column":26}},"1":{"start":{"line":2,"column":0},"end":{"line":2,"column":10}},"2":{"start":{"line":3,"column":0},"end":{"line":3,"column":64}},"3":{"start":{"line":4,"column":0},"end":{"line":4,"column":50}},"6":{"start":{"line":7,"column":0},"end":{"line":7,"column":1}}},"s":{"0":0,"1":0,"2":0,"3":0,"6":0},"branchMap":{"0":{"type":"branch","line":1,"loc":{"start":{"line":1,"column":0},"end":{"line":7,"column":-129}},"locations":[{"start":{"line":1,"column":0},"end":{"line":7,"column":-129}}]}},"b":{"0":[0]},"fnMap":{"0":{"name":"(empty-report)","decl":{"start":{"line":1,"column":0},"end":{"line":7,"column":-129}},"loc":{"start":{"line":1,"column":0},"end":{"line":7,"column":-129}},"line":1}},"f":{"0":0}}
,"/Users/sujeet/workspace/gh/template-react-csr/src/routes/root/header.component.tsx": {"path":"/Users/sujeet/workspace/gh/template-react-csr/src/routes/root/header.component.tsx","all":true,"statementMap":{"0":{"start":{"line":1,"column":0},"end":{"line":1,"column":23}},"1":{"start":{"line":2,"column":0},"end":{"line":2,"column":38}},"2":{"start":{"line":3,"column":0},"end":{"line":3,"column":41}},"3":{"start":{"line":4,"column":0},"end":{"line":4,"column":41}},"5":{"start":{"line":6,"column":0},"end":{"line":6,"column":15}},"6":{"start":{"line":7,"column":0},"end":{"line":7,"column":3}},"7":{"start":{"line":8,"column":0},"end":{"line":8,"column":17}},"8":{"start":{"line":9,"column":0},"end":{"line":9,"column":12}},"9":{"start":{"line":10,"column":0},"end":{"line":10,"column":22}},"10":{"start":{"line":11,"column":0},"end":{"line":11,"column":4}},"11":{"start":{"line":12,"column":0},"end":{"line":12,"column":3}},"12":{"start":{"line":13,"column":0},"end":{"line":13,"column":21}},"13":{"start":{"line":14,"column":0},"end":{"line":14,"column":20}},"14":{"start":{"line":15,"column":0},"end":{"line":15,"column":23}},"15":{"start":{"line":16,"column":0},"end":{"line":16,"column":4}},"16":{"start":{"line":17,"column":0},"end":{"line":17,"column":3}},"17":{"start":{"line":18,"column":0},"end":{"line":18,"column":28}},"18":{"start":{"line":19,"column":0},"end":{"line":19,"column":22}},"19":{"start":{"line":20,"column":0},"end":{"line":20,"column":4}},"20":{"start":{"line":21,"column":0},"end":{"line":21,"column":1}},"21":{"start":{"line":22,"column":0},"end":{"line":22,"column":26}},"22":{"start":{"line":23,"column":0},"end":{"line":23,"column":10}},"23":{"start":{"line":24,"column":0},"end":{"line":24,"column":58}},"24":{"start":{"line":25,"column":0},"end":{"line":25,"column":11}},"25":{"start":{"line":26,"column":0},"end":{"line":26,"column":44}},"26":{"start":{"line":27,"column":0},"end":{"line":27,"column":30}},"27":{"start":{"line":28,"column":0},"end":{"line":28,"column":30}},"28":{"start":{"line":29,"column":0},"end":{"line":29,"column":22}},"29":{"start":{"line":30,"column":0},"end":{"line":30,"column":72}},"30":{"start":{"line":31,"column":0},"end":{"line":31,"column":23}},"31":{"start":{"line":32,"column":0},"end":{"line":32,"column":84}},"32":{"start":{"line":33,"column":0},"end":{"line":33,"column":21}},"33":{"start":{"line":34,"column":0},"end":{"line":34,"column":41}},"34":{"start":{"line":35,"column":0},"end":{"line":35,"column":47}},"35":{"start":{"line":36,"column":0},"end":{"line":36,"column":53}},"36":{"start":{"line":37,"column":0},"end":{"line":37,"column":22}},"39":{"start":{"line":40,"column":0},"end":{"line":40,"column":28}},"40":{"start":{"line":41,"column":0},"end":{"line":41,"column":19}},"42":{"start":{"line":43,"column":0},"end":{"line":43,"column":27}},"43":{"start":{"line":44,"column":0},"end":{"line":44,"column":27}},"51":{"start":{"line":52,"column":0},"end":{"line":52,"column":1}}},"s":{"0":0,"1":0,"2":0,"3":0,"5":0,"6":0,"7":0,"8":0,"9":0,"10":0,"11":0,"12":0,"13":0,"14":0,"15":0,"16":0,"17":0,"18":0,"19":0,"20":0,"21":0,"22":0,"23":0,"24":0,"25":0,"26":0,"27":0,"28":0,"29":0,"30":0,"31":0,"32":0,"33":0,"34":0,"35":0,"36":0,"39":0,"40":0,"42":0,"43":0,"51":0},"branchMap":{"0":{"type":"branch","line":1,"loc":{"start":{"line":1,"column":1238},"end":{"line":52,"column":1}},"locations":[{"start":{"line":1,"column":1238},"end":{"line":52,"column":1}}]}},"b":{"0":[0]},"fnMap":{"0":{"name":"(empty-report)","decl":{"start":{"line":1,"column":1238},"end":{"line":52,"column":1}},"loc":{"start":{"line":1,"column":1238},"end":{"line":52,"column":1}},"line":1}},"f":{"0":0}}
,"/Users/sujeet/workspace/gh/template-react-csr/src/routes/root/index.tsx": {"path":"/Users/sujeet/workspace/gh/template-react-csr/src/routes/root/index.tsx","all":true,"statementMap":{"0":{"start":{"line":1,"column":0},"end":{"line":1,"column":35}},"1":{"start":{"line":2,"column":0},"end":{"line":2,"column":37}}},"s":{"0":0,"1":0},"branchMap":{"0":{"type":"branch","line":1,"loc":{"start":{"line":1,"column":0},"end":{"line":2,"column":-1}},"locations":[{"start":{"line":1,"column":0},"end":{"line":2,"column":-1}}]}},"b":{"0":[0]},"fnMap":{"0":{"name":"(empty-report)","decl":{"start":{"line":1,"column":0},"end":{"line":2,"column":-1}},"loc":{"start":{"line":1,"column":0},"end":{"line":2,"column":-1}},"line":1}},"f":{"0":0}}
,"/Users/sujeet/workspace/gh/template-react-csr/src/routes/root/loader.tsx": {"path":"/Users/sujeet/workspace/gh/template-react-csr/src/routes/root/loader.tsx","all":true,"statementMap":{"0":{"start":{"line":1,"column":0},"end":{"line":1,"column":30}},"1":{"start":{"line":2,"column":0},"end":{"line":2,"column":31}},"2":{"start":{"line":3,"column":0},"end":{"line":3,"column":1}}},"s":{"0":0,"1":0,"2":0},"branchMap":{"0":{"type":"branch","line":1,"loc":{"start":{"line":1,"column":0},"end":{"line":3,"column":-56}},"locations":[{"start":{"line":1,"column":0},"end":{"line":3,"column":-56}}]}},"b":{"0":[0]},"fnMap":{"0":{"name":"(empty-report)","decl":{"start":{"line":1,"column":0},"end":{"line":3,"column":-56}},"loc":{"start":{"line":1,"column":0},"end":{"line":3,"column":-56}},"line":1}},"f":{"0":0}}
,"/Users/sujeet/workspace/gh/template-react-csr/src/routes/root/root.route.tsx": {"path":"/Users/sujeet/workspace/gh/template-react-csr/src/routes/root/root.route.tsx","all":true,"statementMap":{"0":{"start":{"line":1,"column":0},"end":{"line":1,"column":37}},"1":{"start":{"line":2,"column":0},"end":{"line":2,"column":43}},"2":{"start":{"line":3,"column":0},"end":{"line":3,"column":43}},"4":{"start":{"line":5,"column":0},"end":{"line":5,"column":24}},"5":{"start":{"line":6,"column":0},"end":{"line":6,"column":10}},"6":{"start":{"line":7,"column":0},"end":{"line":7,"column":48}},"7":{"start":{"line":8,"column":0},"end":{"line":8,"column":16}},"8":{"start":{"line":9,"column":0},"end":{"line":9,"column":32}},"9":{"start":{"line":10,"column":0},"end":{"line":10,"column":18}},"11":{"start":{"line":12,"column":0},"end":{"line":12,"column":16}},"14":{"start":{"line":15,"column":0},"end":{"line":15,"column":1}}},"s":{"0":0,"1":0,"2":0,"4":0,"5":0,"6":0,"7":0,"8":0,"9":0,"11":0,"14":0},"branchMap":{"0":{"type":"branch","line":1,"loc":{"start":{"line":1,"column":0},"end":{"line":15,"column":-245}},"locations":[{"start":{"line":1,"column":0},"end":{"line":15,"column":-245}}]}},"b":{"0":[0]},"fnMap":{"0":{"name":"(empty-report)","decl":{"start":{"line":1,"column":0},"end":{"line":15,"column":-245}},"loc":{"start":{"line":1,"column":0},"end":{"line":15,"column":-245}},"line":1}},"f":{"0":0}}
,"/Users/sujeet/workspace/gh/template-react-csr/src/utils/task.utils.ts": {"path":"/Users/sujeet/workspace/gh/template-react-csr/src/utils/task.utils.ts","all":false,"statementMap":{"0":{"start":{"line":1,"column":0},"end":{"line":1,"column":44}},"1":{"start":{"line":2,"column":0},"end":{"line":2,"column":38}},"2":{"start":{"line":3,"column":0},"end":{"line":3,"column":35}},"3":{"start":{"line":4,"column":0},"end":{"line":4,"column":28}},"4":{"start":{"line":5,"column":0},"end":{"line":5,"column":3}},"5":{"start":{"line":6,"column":0},"end":{"line":6,"column":1}}},"s":{"0":1,"1":2,"2":2,"3":6546958,"4":6546958,"5":2},"branchMap":{"0":{"type":"branch","line":1,"loc":{"start":{"line":1,"column":7},"end":{"line":6,"column":1}},"locations":[{"start":{"line":1,"column":7},"end":{"line":6,"column":1}}]},"1":{"type":"branch","line":3,"loc":{"start":{"line":3,"column":34},"end":{"line":5,"column":3}},"locations":[{"start":{"line":3,"column":34},"end":{"line":5,"column":3}}]}},"b":{"0":[2],"1":[6546958]},"fnMap":{"0":{"name":"blockingTask","decl":{"start":{"line":1,"column":7},"end":{"line":6,"column":1}},"loc":{"start":{"line":1,"column":7},"end":{"line":6,"column":1}},"line":1}},"f":{"0":2}}
,"/Users/sujeet/workspace/gh/template-react-csr/src/utils/wait.utils.ts": {"path":"/Users/sujeet/workspace/gh/template-react-csr/src/utils/wait.utils.ts","all":false,"statementMap":{"0":{"start":{"line":1,"column":0},"end":{"line":1,"column":34}},"1":{"start":{"line":2,"column":0},"end":{"line":2,"column":11}},"2":{"start":{"line":3,"column":0},"end":{"line":3,"column":10}},"3":{"start":{"line":4,"column":0},"end":{"line":4,"column":23}},"5":{"start":{"line":6,"column":0},"end":{"line":6,"column":43}},"6":{"start":{"line":7,"column":0},"end":{"line":7,"column":26}},"7":{"start":{"line":8,"column":0},"end":{"line":8,"column":41}},"8":{"start":{"line":9,"column":0},"end":{"line":9,"column":5}},"10":{"start":{"line":11,"column":0},"end":{"line":11,"column":36}},"11":{"start":{"line":12,"column":0},"end":{"line":12,"column":19}},"12":{"start":{"line":13,"column":0},"end":{"line":13,"column":12}},"14":{"start":{"line":15,"column":0},"end":{"line":15,"column":17}},"15":{"start":{"line":16,"column":0},"end":{"line":16,"column":46}},"16":{"start":{"line":17,"column":0},"end":{"line":17,"column":27}},"17":{"start":{"line":18,"column":0},"end":{"line":18,"column":36}},"18":{"start":{"line":19,"column":0},"end":{"line":19,"column":8}},"19":{"start":{"line":20,"column":0},"end":{"line":20,"column":5}},"20":{"start":{"line":21,"column":0},"end":{"line":21,"column":4}},"21":{"start":{"line":22,"column":0},"end":{"line":22,"column":1}}},"s":{"0":1,"1":4,"2":4,"3":4,"5":4,"6":4,"7":1,"8":1,"10":3,"11":2,"12":3,"14":4,"15":1,"16":1,"17":1,"18":1,"19":1,"20":4,"21":4},"branchMap":{"0":{"type":"branch","line":1,"loc":{"start":{"line":1,"column":7},"end":{"line":22,"column":1}},"locations":[{"start":{"line":1,"column":7},"end":{"line":22,"column":1}}]},"1":{"type":"branch","line":6,"loc":{"start":{"line":6,"column":21},"end":{"line":21,"column":4}},"locations":[{"start":{"line":6,"column":21},"end":{"line":21,"column":4}}]},"2":{"type":"branch","line":7,"loc":{"start":{"line":7,"column":8},"end":{"line":7,"column":25}},"locations":[{"start":{"line":7,"column":8},"end":{"line":7,"column":25}}]},"3":{"type":"branch","line":7,"loc":{"start":{"line":7,"column":25},"end":{"line":9,"column":5}},"locations":[{"start":{"line":7,"column":25},"end":{"line":9,"column":5}}]},"4":{"type":"branch","line":9,"loc":{"start":{"line":9,"column":4},"end":{"line":15,"column":16}},"locations":[{"start":{"line":9,"column":4},"end":{"line":15,"column":16}}]},"5":{"type":"branch","line":15,"loc":{"start":{"line":15,"column":16},"end":{"line":20,"column":5}},"locations":[{"start":{"line":15,"column":16},"end":{"line":20,"column":5}}]},"6":{"type":"branch","line":11,"loc":{"start":{"line":11,"column":29},"end":{"line":13,"column":7}},"locations":[{"start":{"line":11,"column":29},"end":{"line":13,"column":7}}]},"7":{"type":"branch","line":16,"loc":{"start":{"line":16,"column":39},"end":{"line":19,"column":8}},"locations":[{"start":{"line":16,"column":39},"end":{"line":19,"column":8}}]}},"b":{"0":[4],"1":[4],"2":[2],"3":[1],"4":[3],"5":[1],"6":[2],"7":[1]},"fnMap":{"0":{"name":"wait","decl":{"start":{"line":1,"column":7},"end":{"line":22,"column":1}},"loc":{"start":{"line":1,"column":7},"end":{"line":22,"column":1}},"line":1}},"f":{"0":4}}
}
